<?xml version="1.0" encoding="UTF-8"?>
<testsuite xmlns:xsi="http://www.w3.org/2001/XMLSchema-instance" xsi:noNamespaceSchemaLocation="https://maven.apache.org/surefire/maven-surefire-plugin/xsd/surefire-test-report.xsd" name="com.cjs.sso.Oauth2SsoClientMemberApplicationTests" time="0.321" tests="1" errors="1" skipped="0" failures="0">
  <properties>
[...]
</properties>
  <testcase name="initializationError" classname="com.cjs.sso.Oauth2SsoClientMemberApplicationTests" time="0.004">
    <error message="Unable to find a @SpringBootConfiguration, you need to use @ContextConfiguration or @SpringBootTest(classes=...) with your test" type="java.lang.IllegalStateException">java.lang.IllegalStateException: Unable to find a @SpringBootConfiguration, you need to use @ContextConfiguration or @SpringBootTest(classes=...) with your test
</error>
    <system-out><![CDATA[16:23:29.625 [main] DEBUG org.springframework.test.context.junit4.SpringJUnit4ClassRunner - SpringJUnit4ClassRunner constructor called with [class com.cjs.sso.Oauth2SsoClientMemberApplicationTests]
16:23:29.630 [main] DEBUG org.springframework.test.context.BootstrapUtils - Instantiating CacheAwareContextLoaderDelegate from class [org.springframework.test.context.cache.DefaultCacheAwareContextLoaderDelegate]
16:23:29.637 [main] DEBUG org.springframework.test.context.BootstrapUtils - Instantiating BootstrapContext using constructor [public org.springframework.test.context.support.DefaultBootstrapContext(java.lang.Class,org.springframework.test.context.CacheAwareContextLoaderDelegate)]
16:23:29.653 [main] DEBUG org.springframework.test.context.BootstrapUtils - Instantiating TestContextBootstrapper for test class [com.cjs.sso.Oauth2SsoClientMemberApplicationTests] from class [org.springframework.boot.test.context.SpringBootTestContextBootstrapper]
16:23:29.664 [main] INFO org.springframework.boot.test.context.SpringBootTestContextBootstrapper - Neither @ContextConfiguration nor @ContextHierarchy found for test class [com.cjs.sso.Oauth2SsoClientMemberApplicationTests], using SpringBootContextLoader
16:23:29.668 [main] DEBUG org.springframework.test.context.support.AbstractContextLoader - Did not detect default resource location for test class [com.cjs.sso.Oauth2SsoClientMemberApplicationTests]: class path resource [com/cjs/sso/Oauth2SsoClientMemberApplicationTests-context.xml] does not exist
16:23:29.668 [main] DEBUG org.springframework.test.context.support.AbstractContextLoader - Did not detect default resource location for test class [com.cjs.sso.Oauth2SsoClientMemberApplicationTests]: class path resource [com/cjs/sso/Oauth2SsoClientMemberApplicationTestsContext.groovy] does not exist
16:23:29.668 [main] INFO org.springframework.test.context.support.AbstractContextLoader - Could not detect default resource locations for test class [com.cjs.sso.Oauth2SsoClientMemberApplicationTests]: no resource found for suffixes {-context.xml, Context.groovy}.
16:23:29.669 [main] INFO org.springframework.test.context.support.AnnotationConfigContextLoaderUtils - Could not detect default configuration classes for test class [com.cjs.sso.Oauth2SsoClientMemberApplicationTests]: Oauth2SsoClientMemberApplicationTests does not declare any static, non-private, non-final, nested classes annotated with @Configuration.
16:23:29.709 [main] DEBUG org.springframework.test.context.support.ActiveProfilesUtils - Could not find an 'annotation declaring class' for annotation type [org.springframework.test.context.ActiveProfiles] and class [com.cjs.sso.Oauth2SsoClientMemberApplicationTests]
]]></system-out>
  </testcase>
</testsuite>